----------------------------------------------------------------
Sun Jun 05 22:20:32 UTC 2022:
Booting Derby version The Apache Software Foundation - Apache Derby - 10.15.2.0 - (1873585): instance a816c00e-0181-35f4-99fa-0000076185c0 
on database directory memory:C:\Users\Madzia\Desktop\TPO5_TM\src\main\db with class loader jdk.internal.loader.ClassLoaders$AppClassLoader@69663380 
Loaded from file:/C:/Users/Madzia/AppData/Roaming/JetBrains/IntelliJIdea2022.1/jdbc-drivers/Apache%20Derby/10.15.2.0/derby-10.15.2.0.jar
java.vendor=JetBrains s.r.o.
java.runtime.version=11.0.15+10-b2043.56
user.dir=C:\Users\Madzia\Desktop\TPO5_TM
os.name=Windows 11
os.arch=amd64
os.version=10.0
derby.system.home=null
Database Class Loader started - derby.database.classpath=''
----------------------------------------------------------------
Sun Jun 05 22:23:45 UTC 2022:
Booting Derby version The Apache Software Foundation - Apache Derby - 10.15.2.0 - (1873585): instance 06b1817d-0181-35f4-99fa-0000076185c0 
on database directory C:\Users\Madzia\Desktop\TPO5_TM\src\main\db with class loader jdk.internal.loader.ClassLoaders$AppClassLoader@69663380 
Loaded from file:/C:/Users/Madzia/AppData/Roaming/JetBrains/IntelliJIdea2022.1/jdbc-drivers/Apache%20Derby/10.15.2.0/derby-10.15.2.0.jar
java.vendor=JetBrains s.r.o.
java.runtime.version=11.0.15+10-b2043.56
user.dir=C:\Users\Madzia\Desktop\TPO5_TM
os.name=Windows 11
os.arch=amd64
os.version=10.0
derby.system.home=null
Database Class Loader started - derby.database.classpath=''
